Arguments: 
  /Users/chaklader/.nvm/versions/node/v16.14.0/bin/node /opt/homebrew/Cellar/yarn/1.22.17_2/libexec/bin/yarn.js start

PATH: 
  /Users/chaklader/.sdkman/candidates/maven/current/bin:/Users/chaklader/.sdkman/candidates/java/current/bin:/Users/chaklader/.sdkman/candidates/gradle/current/bin:/Users/chaklader/.nvm/versions/node/v16.14.0/bin:/opt/homebrew/bin:/usr/local/bin:/usr/bin:/bin:/usr/sbin:/sbin:/Users/chaklader/apache-maven-3.6.3/bin:/Users/chaklader/confluent/bin:/usr/local/mysql/bin

Yarn version: 
  1.22.17

Node version: 
  16.14.0

Platform: 
  darwin x64

Trace: 
  SyntaxError: /Users/chaklader/WebstormProjects/IceCreamScoop/package.json: Unexpected end of JSON input
      at JSON.parse (<anonymous>)
      at /opt/homebrew/Cellar/yarn/1.22.17_2/libexec/lib/cli.js:1625:59
      at Generator.next (<anonymous>)
      at step (/opt/homebrew/Cellar/yarn/1.22.17_2/libexec/lib/cli.js:310:30)
      at /opt/homebrew/Cellar/yarn/1.22.17_2/libexec/lib/cli.js:321:13

npm manifest: 
  {
    "name": "sundae-server",
    "version": "1.0.0",
    "author": "Bonnie Schulkin",
    "license": "AGPL-3.0",
    "repository": {
      "type": "git",
      "url": "https://github.com/flyrightsister/udemy-testing-library-react-projects.git"
    },
    "scripts": {
      "start": "node server.js",
      "test": "jest"
    },
    "devDependencies": {
      "jest": "^26.6.3",
      "supertest": "^3.0.0"
    },
    "dependencies": {
      "core-js": "^3.8.1",
      "cors": "^2.8.4",
      "express": "^4.16.3"
    }
  }

yarn manifest: 
  No manifest

Lockfile: 
  No lockfile
